20.01.2023 - 22:58:54 - [TAB v3.2.1] An error occurred when reading packets
20.01.2023 - 22:58:54 - java.util.NoSuchElementException: null
20.01.2023 - 22:58:54 - 	at java.base/java.util.concurrent.CopyOnWriteArrayList$COWIterator.next(CopyOnWriteArrayList.java:1099)
20.01.2023 - 22:58:54 - 	at com.google.common.collect.TransformedIterator.next(TransformedIterator.java:52)
20.01.2023 - 22:58:54 - 	at java.base/java.util.Collections$UnmodifiableCollection$1.next(Collections.java:1054)
20.01.2023 - 22:58:54 - 	at TAB v3.2.1.jar//me.neznamy.tab.platforms.bukkit.BukkitPacketBuilder.build(BukkitPacketBuilder.java:102)
20.01.2023 - 22:58:54 - 	at TAB v3.2.1.jar//me.neznamy.tab.shared.FeatureManagerImpl.onPacketPlayOutPlayerInfo(FeatureManagerImpl.java:97)
20.01.2023 - 22:58:54 - 	at TAB v3.2.1.jar//me.neznamy.tab.platforms.bukkit.BukkitPipelineInjector$BukkitChannelDuplexHandler.write(BukkitPipelineInjector.java:72)
20.01.2023 - 22:58:54 - 	at io.netty.channel.AbstractChannelHandlerContext.invokeWrite0(AbstractChannelHandlerContext.java:717)
20.01.2023 - 22:58:54 - 	at io.netty.channel.AbstractChannelHandlerContext.invokeWriteAndFlush(AbstractChannelHandlerContext.java:764)
20.01.2023 - 22:58:54 - 	at io.netty.channel.AbstractChannelHandlerContext.write(AbstractChannelHandlerContext.java:790)
20.01.2023 - 22:58:54 - 	at io.netty.channel.AbstractChannelHandlerContext.writeAndFlush(AbstractChannelHandlerContext.java:758)
20.01.2023 - 22:58:54 - 	at io.netty.channel.DefaultChannelPipeline.writeAndFlush(DefaultChannelPipeline.java:1020)
20.01.2023 - 22:58:54 - 	at io.netty.channel.AbstractChannel.writeAndFlush(AbstractChannel.java:311)
20.01.2023 - 22:58:54 - 	at ProtocolLib (5).jar//com.comphenix.protocol.injector.netty.channel.NettyChannelProxy.writeAndFlush(NettyChannelProxy.java:227)
20.01.2023 - 22:58:54 - 	at ProtocolLib (5).jar//com.comphenix.protocol.injector.netty.channel.NettyChannelProxy.writeAndFlush(NettyChannelProxy.java:233)
20.01.2023 - 22:58:54 - 	at net.minecraft.network.NetworkManager.doSendPacket(NetworkManager.java:459)
20.01.2023 - 22:58:54 - 	at net.minecraft.network.NetworkManager.lambda$sendPacket$11(NetworkManager.java:433)
20.01.2023 - 22:58:54 - 	at ProtocolLib (5).jar//com.comphenix.protocol.injector.netty.channel.NettyEventLoopProxy.lambda$proxyRunnable$2(NettyEventLoopProxy.java:48)
20.01.2023 - 22:58:54 - 	at io.netty.util.concurrent.AbstractEventExecutor.runTask(AbstractEventExecutor.java:174)
20.01.2023 - 22:58:54 - 	at io.netty.util.concurrent.AbstractEventExecutor.safeExecute(AbstractEventExecutor.java:167)
20.01.2023 - 22:58:54 - 	at io.netty.util.concurrent.SingleThreadEventExecutor.runAllTasks(SingleThreadEventExecutor.java:470)
20.01.2023 - 22:58:54 - 	at io.netty.channel.nio.NioEventLoop.run(NioEventLoop.java:569)
20.01.2023 - 22:58:54 - 	at io.netty.util.concurrent.SingleThreadEventExecutor$4.run(SingleThreadEventExecutor.java:997)
20.01.2023 - 22:58:54 - 	at io.netty.util.internal.ThreadExecutorMap$2.run(ThreadExecutorMap.java:74)
20.01.2023 - 22:58:54 - 	at java.base/java.lang.Thread.run(Thread.java:1589)
20.01.2023 - 22:59:33 - [TAB v3.2.1] An error occurred when reading packets
20.01.2023 - 22:59:33 - java.util.NoSuchElementException: null
20.01.2023 - 22:59:33 - 	at java.base/java.util.concurrent.CopyOnWriteArrayList$COWIterator.next(CopyOnWriteArrayList.java:1099)
20.01.2023 - 22:59:33 - 	at com.google.common.collect.TransformedIterator.next(TransformedIterator.java:52)
20.01.2023 - 22:59:33 - 	at java.base/java.util.Collections$UnmodifiableCollection$1.next(Collections.java:1054)
20.01.2023 - 22:59:33 - 	at TAB v3.2.1.jar//me.neznamy.tab.platforms.bukkit.BukkitPacketBuilder.build(BukkitPacketBuilder.java:102)
20.01.2023 - 22:59:33 - 	at TAB v3.2.1.jar//me.neznamy.tab.shared.FeatureManagerImpl.onPacketPlayOutPlayerInfo(FeatureManagerImpl.java:97)
20.01.2023 - 22:59:33 - 	at TAB v3.2.1.jar//me.neznamy.tab.platforms.bukkit.BukkitPipelineInjector$BukkitChannelDuplexHandler.write(BukkitPipelineInjector.java:72)
20.01.2023 - 22:59:33 - 	at io.netty.channel.AbstractChannelHandlerContext.invokeWrite0(AbstractChannelHandlerContext.java:717)
20.01.2023 - 22:59:33 - 	at io.netty.channel.AbstractChannelHandlerContext.invokeWriteAndFlush(AbstractChannelHandlerContext.java:764)
20.01.2023 - 22:59:33 - 	at io.netty.channel.AbstractChannelHandlerContext.write(AbstractChannelHandlerContext.java:790)
20.01.2023 - 22:59:33 - 	at io.netty.channel.AbstractChannelHandlerContext.writeAndFlush(AbstractChannelHandlerContext.java:758)
20.01.2023 - 22:59:33 - 	at io.netty.channel.DefaultChannelPipeline.writeAndFlush(DefaultChannelPipeline.java:1020)
20.01.2023 - 22:59:33 - 	at io.netty.channel.AbstractChannel.writeAndFlush(AbstractChannel.java:311)
20.01.2023 - 22:59:33 - 	at ProtocolLib (5).jar//com.comphenix.protocol.injector.netty.channel.NettyChannelProxy.writeAndFlush(NettyChannelProxy.java:227)
20.01.2023 - 22:59:33 - 	at ProtocolLib (5).jar//com.comphenix.protocol.injector.netty.channel.NettyChannelProxy.writeAndFlush(NettyChannelProxy.java:233)
20.01.2023 - 22:59:33 - 	at net.minecraft.network.NetworkManager.doSendPacket(NetworkManager.java:459)
20.01.2023 - 22:59:33 - 	at net.minecraft.network.NetworkManager.lambda$sendPacket$11(NetworkManager.java:433)
20.01.2023 - 22:59:33 - 	at ProtocolLib (5).jar//com.comphenix.protocol.injector.netty.channel.NettyEventLoopProxy.lambda$proxyRunnable$2(NettyEventLoopProxy.java:48)
20.01.2023 - 22:59:33 - 	at io.netty.util.concurrent.AbstractEventExecutor.runTask(AbstractEventExecutor.java:174)
20.01.2023 - 22:59:33 - 	at io.netty.util.concurrent.AbstractEventExecutor.safeExecute(AbstractEventExecutor.java:167)
20.01.2023 - 22:59:33 - 	at io.netty.util.concurrent.SingleThreadEventExecutor.runAllTasks(SingleThreadEventExecutor.java:470)
20.01.2023 - 22:59:33 - 	at io.netty.channel.nio.NioEventLoop.run(NioEventLoop.java:569)
20.01.2023 - 22:59:33 - 	at io.netty.util.concurrent.SingleThreadEventExecutor$4.run(SingleThreadEventExecutor.java:997)
20.01.2023 - 22:59:33 - 	at io.netty.util.internal.ThreadExecutorMap$2.run(ThreadExecutorMap.java:74)
20.01.2023 - 22:59:33 - 	at java.base/java.lang.Thread.run(Thread.java:1589)
20.01.2023 - 23:02:58 - [TAB v3.2.1] An error occurred when reading packets
20.01.2023 - 23:02:58 - java.util.NoSuchElementException: null
20.01.2023 - 23:02:58 - 	at java.base/java.util.concurrent.CopyOnWriteArrayList$COWIterator.next(CopyOnWriteArrayList.java:1099)
20.01.2023 - 23:02:58 - 	at com.google.common.collect.TransformedIterator.next(TransformedIterator.java:52)
20.01.2023 - 23:02:58 - 	at java.base/java.util.Collections$UnmodifiableCollection$1.next(Collections.java:1054)
20.01.2023 - 23:02:58 - 	at TAB v3.2.1.jar//me.neznamy.tab.platforms.bukkit.BukkitPacketBuilder.build(BukkitPacketBuilder.java:102)
20.01.2023 - 23:02:58 - 	at TAB v3.2.1.jar//me.neznamy.tab.shared.FeatureManagerImpl.onPacketPlayOutPlayerInfo(FeatureManagerImpl.java:97)
20.01.2023 - 23:02:58 - 	at TAB v3.2.1.jar//me.neznamy.tab.platforms.bukkit.BukkitPipelineInjector$BukkitChannelDuplexHandler.write(BukkitPipelineInjector.java:72)
20.01.2023 - 23:02:58 - 	at io.netty.channel.AbstractChannelHandlerContext.invokeWrite0(AbstractChannelHandlerContext.java:717)
20.01.2023 - 23:02:58 - 	at io.netty.channel.AbstractChannelHandlerContext.invokeWriteAndFlush(AbstractChannelHandlerContext.java:764)
20.01.2023 - 23:02:58 - 	at io.netty.channel.AbstractChannelHandlerContext.write(AbstractChannelHandlerContext.java:790)
20.01.2023 - 23:02:58 - 	at io.netty.channel.AbstractChannelHandlerContext.writeAndFlush(AbstractChannelHandlerContext.java:758)
20.01.2023 - 23:02:58 - 	at io.netty.channel.DefaultChannelPipeline.writeAndFlush(DefaultChannelPipeline.java:1020)
20.01.2023 - 23:02:58 - 	at io.netty.channel.AbstractChannel.writeAndFlush(AbstractChannel.java:311)
20.01.2023 - 23:02:58 - 	at ProtocolLib (5).jar//com.comphenix.protocol.injector.netty.channel.NettyChannelProxy.writeAndFlush(NettyChannelProxy.java:227)
20.01.2023 - 23:02:58 - 	at ProtocolLib (5).jar//com.comphenix.protocol.injector.netty.channel.NettyChannelProxy.writeAndFlush(NettyChannelProxy.java:233)
20.01.2023 - 23:02:58 - 	at net.minecraft.network.NetworkManager.doSendPacket(NetworkManager.java:459)
20.01.2023 - 23:02:58 - 	at net.minecraft.network.NetworkManager.lambda$sendPacket$11(NetworkManager.java:433)
20.01.2023 - 23:02:58 - 	at ProtocolLib (5).jar//com.comphenix.protocol.injector.netty.channel.NettyEventLoopProxy.lambda$proxyRunnable$2(NettyEventLoopProxy.java:48)
20.01.2023 - 23:02:58 - 	at io.netty.util.concurrent.AbstractEventExecutor.runTask(AbstractEventExecutor.java:174)
20.01.2023 - 23:02:58 - 	at io.netty.util.concurrent.AbstractEventExecutor.safeExecute(AbstractEventExecutor.java:167)
20.01.2023 - 23:02:58 - 	at io.netty.util.concurrent.SingleThreadEventExecutor.runAllTasks(SingleThreadEventExecutor.java:470)
20.01.2023 - 23:02:58 - 	at io.netty.channel.nio.NioEventLoop.run(NioEventLoop.java:566)
20.01.2023 - 23:02:58 - 	at io.netty.util.concurrent.SingleThreadEventExecutor$4.run(SingleThreadEventExecutor.java:997)
20.01.2023 - 23:02:58 - 	at io.netty.util.internal.ThreadExecutorMap$2.run(ThreadExecutorMap.java:74)
20.01.2023 - 23:02:58 - 	at java.base/java.lang.Thread.run(Thread.java:1589)
20.01.2023 - 23:06:48 - [TAB v3.2.1] An error occurred when reading packets
20.01.2023 - 23:06:48 - java.util.NoSuchElementException: null
20.01.2023 - 23:06:48 - 	at java.base/java.util.concurrent.CopyOnWriteArrayList$COWIterator.next(CopyOnWriteArrayList.java:1099)
20.01.2023 - 23:06:48 - 	at com.google.common.collect.TransformedIterator.next(TransformedIterator.java:52)
20.01.2023 - 23:06:48 - 	at java.base/java.util.Collections$UnmodifiableCollection$1.next(Collections.java:1054)
20.01.2023 - 23:06:48 - 	at TAB v3.2.1.jar//me.neznamy.tab.platforms.bukkit.BukkitPacketBuilder.build(BukkitPacketBuilder.java:102)
20.01.2023 - 23:06:48 - 	at TAB v3.2.1.jar//me.neznamy.tab.shared.FeatureManagerImpl.onPacketPlayOutPlayerInfo(FeatureManagerImpl.java:97)
20.01.2023 - 23:06:48 - 	at TAB v3.2.1.jar//me.neznamy.tab.platforms.bukkit.BukkitPipelineInjector$BukkitChannelDuplexHandler.write(BukkitPipelineInjector.java:72)
20.01.2023 - 23:06:48 - 	at io.netty.channel.AbstractChannelHandlerContext.invokeWrite0(AbstractChannelHandlerContext.java:717)
20.01.2023 - 23:06:48 - 	at io.netty.channel.AbstractChannelHandlerContext.invokeWriteAndFlush(AbstractChannelHandlerContext.java:764)
20.01.2023 - 23:06:48 - 	at io.netty.channel.AbstractChannelHandlerContext.write(AbstractChannelHandlerContext.java:790)
20.01.2023 - 23:06:48 - 	at io.netty.channel.AbstractChannelHandlerContext.writeAndFlush(AbstractChannelHandlerContext.java:758)
20.01.2023 - 23:06:48 - 	at io.netty.channel.DefaultChannelPipeline.writeAndFlush(DefaultChannelPipeline.java:1020)
20.01.2023 - 23:06:48 - 	at io.netty.channel.AbstractChannel.writeAndFlush(AbstractChannel.java:311)
20.01.2023 - 23:06:48 - 	at ProtocolLib (5).jar//com.comphenix.protocol.injector.netty.channel.NettyChannelProxy.writeAndFlush(NettyChannelProxy.java:227)
20.01.2023 - 23:06:48 - 	at ProtocolLib (5).jar//com.comphenix.protocol.injector.netty.channel.NettyChannelProxy.writeAndFlush(NettyChannelProxy.java:233)
20.01.2023 - 23:06:48 - 	at net.minecraft.network.NetworkManager.doSendPacket(NetworkManager.java:459)
20.01.2023 - 23:06:48 - 	at net.minecraft.network.NetworkManager.lambda$sendPacket$11(NetworkManager.java:433)
20.01.2023 - 23:06:48 - 	at ProtocolLib (5).jar//com.comphenix.protocol.injector.netty.channel.NettyEventLoopProxy.lambda$proxyRunnable$2(NettyEventLoopProxy.java:48)
20.01.2023 - 23:06:48 - 	at io.netty.util.concurrent.AbstractEventExecutor.runTask(AbstractEventExecutor.java:174)
20.01.2023 - 23:06:48 - 	at io.netty.util.concurrent.AbstractEventExecutor.safeExecute(AbstractEventExecutor.java:167)
20.01.2023 - 23:06:48 - 	at io.netty.util.concurrent.SingleThreadEventExecutor.runAllTasks(SingleThreadEventExecutor.java:470)
20.01.2023 - 23:06:48 - 	at io.netty.channel.nio.NioEventLoop.run(NioEventLoop.java:569)
20.01.2023 - 23:06:48 - 	at io.netty.util.concurrent.SingleThreadEventExecutor$4.run(SingleThreadEventExecutor.java:997)
20.01.2023 - 23:06:48 - 	at io.netty.util.internal.ThreadExecutorMap$2.run(ThreadExecutorMap.java:74)
20.01.2023 - 23:06:48 - 	at java.base/java.lang.Thread.run(Thread.java:1589)
21.01.2023 - 20:20:00 - [TAB v3.2.1] An error occurred when reading packets
21.01.2023 - 20:20:00 - java.util.NoSuchElementException: null
21.01.2023 - 20:20:00 - 	at java.base/java.util.concurrent.CopyOnWriteArrayList$COWIterator.next(CopyOnWriteArrayList.java:1099)
21.01.2023 - 20:20:00 - 	at com.google.common.collect.TransformedIterator.next(TransformedIterator.java:52)
21.01.2023 - 20:20:00 - 	at java.base/java.util.Collections$UnmodifiableCollection$1.next(Collections.java:1054)
21.01.2023 - 20:20:00 - 	at TAB v3.2.1.jar//me.neznamy.tab.platforms.bukkit.BukkitPacketBuilder.build(BukkitPacketBuilder.java:102)
21.01.2023 - 20:20:00 - 	at TAB v3.2.1.jar//me.neznamy.tab.shared.FeatureManagerImpl.onPacketPlayOutPlayerInfo(FeatureManagerImpl.java:97)
21.01.2023 - 20:20:00 - 	at TAB v3.2.1.jar//me.neznamy.tab.platforms.bukkit.BukkitPipelineInjector$BukkitChannelDuplexHandler.write(BukkitPipelineInjector.java:72)
21.01.2023 - 20:20:00 - 	at io.netty.channel.AbstractChannelHandlerContext.invokeWrite0(AbstractChannelHandlerContext.java:717)
21.01.2023 - 20:20:00 - 	at io.netty.channel.AbstractChannelHandlerContext.invokeWriteAndFlush(AbstractChannelHandlerContext.java:764)
21.01.2023 - 20:20:00 - 	at io.netty.channel.AbstractChannelHandlerContext.write(AbstractChannelHandlerContext.java:790)
21.01.2023 - 20:20:00 - 	at io.netty.channel.AbstractChannelHandlerContext.writeAndFlush(AbstractChannelHandlerContext.java:758)
21.01.2023 - 20:20:00 - 	at io.netty.channel.DefaultChannelPipeline.writeAndFlush(DefaultChannelPipeline.java:1020)
21.01.2023 - 20:20:00 - 	at io.netty.channel.AbstractChannel.writeAndFlush(AbstractChannel.java:311)
21.01.2023 - 20:20:00 - 	at ProtocolLib (5).jar//com.comphenix.protocol.injector.netty.channel.NettyChannelProxy.writeAndFlush(NettyChannelProxy.java:227)
21.01.2023 - 20:20:00 - 	at ProtocolLib (5).jar//com.comphenix.protocol.injector.netty.channel.NettyChannelProxy.writeAndFlush(NettyChannelProxy.java:233)
21.01.2023 - 20:20:00 - 	at net.minecraft.network.NetworkManager.doSendPacket(NetworkManager.java:459)
21.01.2023 - 20:20:00 - 	at net.minecraft.network.NetworkManager.lambda$sendPacket$11(NetworkManager.java:433)
21.01.2023 - 20:20:00 - 	at ProtocolLib (5).jar//com.comphenix.protocol.injector.netty.channel.NettyEventLoopProxy.lambda$proxyRunnable$2(NettyEventLoopProxy.java:48)
21.01.2023 - 20:20:00 - 	at io.netty.util.concurrent.AbstractEventExecutor.runTask(AbstractEventExecutor.java:174)
21.01.2023 - 20:20:00 - 	at io.netty.util.concurrent.AbstractEventExecutor.safeExecute(AbstractEventExecutor.java:167)
21.01.2023 - 20:20:00 - 	at io.netty.util.concurrent.SingleThreadEventExecutor.runAllTasks(SingleThreadEventExecutor.java:470)
21.01.2023 - 20:20:00 - 	at io.netty.channel.nio.NioEventLoop.run(NioEventLoop.java:569)
21.01.2023 - 20:20:00 - 	at io.netty.util.concurrent.SingleThreadEventExecutor$4.run(SingleThreadEventExecutor.java:997)
21.01.2023 - 20:20:00 - 	at io.netty.util.internal.ThreadExecutorMap$2.run(ThreadExecutorMap.java:74)
21.01.2023 - 20:20:00 - 	at java.base/java.lang.Thread.run(Thread.java:833)
21.01.2023 - 20:23:28 - [TAB v3.2.1] An error occurred when reading packets
21.01.2023 - 20:23:28 - java.util.NoSuchElementException: null
21.01.2023 - 20:23:28 - 	at java.base/java.util.concurrent.CopyOnWriteArrayList$COWIterator.next(CopyOnWriteArrayList.java:1099)
21.01.2023 - 20:23:28 - 	at com.google.common.collect.TransformedIterator.next(TransformedIterator.java:52)
21.01.2023 - 20:23:28 - 	at java.base/java.util.Collections$UnmodifiableCollection$1.next(Collections.java:1054)
21.01.2023 - 20:23:28 - 	at TAB v3.2.1.jar//me.neznamy.tab.platforms.bukkit.BukkitPacketBuilder.build(BukkitPacketBuilder.java:102)
21.01.2023 - 20:23:28 - 	at TAB v3.2.1.jar//me.neznamy.tab.shared.FeatureManagerImpl.onPacketPlayOutPlayerInfo(FeatureManagerImpl.java:97)
21.01.2023 - 20:23:28 - 	at TAB v3.2.1.jar//me.neznamy.tab.platforms.bukkit.BukkitPipelineInjector$BukkitChannelDuplexHandler.write(BukkitPipelineInjector.java:72)
21.01.2023 - 20:23:28 - 	at io.netty.channel.AbstractChannelHandlerContext.invokeWrite0(AbstractChannelHandlerContext.java:717)
21.01.2023 - 20:23:28 - 	at io.netty.channel.AbstractChannelHandlerContext.invokeWriteAndFlush(AbstractChannelHandlerContext.java:764)
21.01.2023 - 20:23:28 - 	at io.netty.channel.AbstractChannelHandlerContext.write(AbstractChannelHandlerContext.java:790)
21.01.2023 - 20:23:28 - 	at io.netty.channel.AbstractChannelHandlerContext.writeAndFlush(AbstractChannelHandlerContext.java:758)
21.01.2023 - 20:23:28 - 	at io.netty.channel.DefaultChannelPipeline.writeAndFlush(DefaultChannelPipeline.java:1020)
21.01.2023 - 20:23:28 - 	at io.netty.channel.AbstractChannel.writeAndFlush(AbstractChannel.java:311)
21.01.2023 - 20:23:28 - 	at ProtocolLib (5).jar//com.comphenix.protocol.injector.netty.channel.NettyChannelProxy.writeAndFlush(NettyChannelProxy.java:227)
21.01.2023 - 20:23:28 - 	at ProtocolLib (5).jar//com.comphenix.protocol.injector.netty.channel.NettyChannelProxy.writeAndFlush(NettyChannelProxy.java:233)
21.01.2023 - 20:23:28 - 	at net.minecraft.network.NetworkManager.doSendPacket(NetworkManager.java:459)
21.01.2023 - 20:23:28 - 	at net.minecraft.network.NetworkManager.lambda$sendPacket$11(NetworkManager.java:433)
21.01.2023 - 20:23:28 - 	at ProtocolLib (5).jar//com.comphenix.protocol.injector.netty.channel.NettyEventLoopProxy.lambda$proxyRunnable$2(NettyEventLoopProxy.java:48)
21.01.2023 - 20:23:28 - 	at io.netty.util.concurrent.AbstractEventExecutor.runTask(AbstractEventExecutor.java:174)
21.01.2023 - 20:23:28 - 	at io.netty.util.concurrent.AbstractEventExecutor.safeExecute(AbstractEventExecutor.java:167)
21.01.2023 - 20:23:28 - 	at io.netty.util.concurrent.SingleThreadEventExecutor.runAllTasks(SingleThreadEventExecutor.java:470)
21.01.2023 - 20:23:28 - 	at io.netty.channel.nio.NioEventLoop.run(NioEventLoop.java:569)
21.01.2023 - 20:23:28 - 	at io.netty.util.concurrent.SingleThreadEventExecutor$4.run(SingleThreadEventExecutor.java:997)
21.01.2023 - 20:23:28 - 	at io.netty.util.internal.ThreadExecutorMap$2.run(ThreadExecutorMap.java:74)
21.01.2023 - 20:23:28 - 	at java.base/java.lang.Thread.run(Thread.java:833)
21.01.2023 - 20:24:34 - [TAB v3.2.1] An error occurred when reading packets
21.01.2023 - 20:24:34 - java.util.NoSuchElementException: null
21.01.2023 - 20:24:34 - 	at java.base/java.util.concurrent.CopyOnWriteArrayList$COWIterator.next(CopyOnWriteArrayList.java:1099)
21.01.2023 - 20:24:34 - 	at com.google.common.collect.TransformedIterator.next(TransformedIterator.java:52)
21.01.2023 - 20:24:34 - 	at java.base/java.util.Collections$UnmodifiableCollection$1.next(Collections.java:1054)
21.01.2023 - 20:24:34 - 	at TAB v3.2.1.jar//me.neznamy.tab.platforms.bukkit.BukkitPacketBuilder.build(BukkitPacketBuilder.java:102)
21.01.2023 - 20:24:34 - 	at TAB v3.2.1.jar//me.neznamy.tab.shared.FeatureManagerImpl.onPacketPlayOutPlayerInfo(FeatureManagerImpl.java:97)
21.01.2023 - 20:24:34 - 	at TAB v3.2.1.jar//me.neznamy.tab.platforms.bukkit.BukkitPipelineInjector$BukkitChannelDuplexHandler.write(BukkitPipelineInjector.java:72)
21.01.2023 - 20:24:34 - 	at io.netty.channel.AbstractChannelHandlerContext.invokeWrite0(AbstractChannelHandlerContext.java:717)
21.01.2023 - 20:24:34 - 	at io.netty.channel.AbstractChannelHandlerContext.invokeWriteAndFlush(AbstractChannelHandlerContext.java:764)
21.01.2023 - 20:24:34 - 	at io.netty.channel.AbstractChannelHandlerContext.write(AbstractChannelHandlerContext.java:790)
21.01.2023 - 20:24:34 - 	at io.netty.channel.AbstractChannelHandlerContext.writeAndFlush(AbstractChannelHandlerContext.java:758)
21.01.2023 - 20:24:34 - 	at io.netty.channel.DefaultChannelPipeline.writeAndFlush(DefaultChannelPipeline.java:1020)
21.01.2023 - 20:24:34 - 	at io.netty.channel.AbstractChannel.writeAndFlush(AbstractChannel.java:311)
21.01.2023 - 20:24:34 - 	at ProtocolLib (5).jar//com.comphenix.protocol.injector.netty.channel.NettyChannelProxy.writeAndFlush(NettyChannelProxy.java:227)
21.01.2023 - 20:24:34 - 	at ProtocolLib (5).jar//com.comphenix.protocol.injector.netty.channel.NettyChannelProxy.writeAndFlush(NettyChannelProxy.java:233)
21.01.2023 - 20:24:34 - 	at net.minecraft.network.NetworkManager.doSendPacket(NetworkManager.java:459)
21.01.2023 - 20:24:34 - 	at net.minecraft.network.NetworkManager.lambda$sendPacket$11(NetworkManager.java:433)
21.01.2023 - 20:24:34 - 	at ProtocolLib (5).jar//com.comphenix.protocol.injector.netty.channel.NettyEventLoopProxy.lambda$proxyRunnable$2(NettyEventLoopProxy.java:48)
21.01.2023 - 20:24:34 - 	at io.netty.util.concurrent.AbstractEventExecutor.runTask(AbstractEventExecutor.java:174)
21.01.2023 - 20:24:34 - 	at io.netty.util.concurrent.AbstractEventExecutor.safeExecute(AbstractEventExecutor.java:167)
21.01.2023 - 20:24:34 - 	at io.netty.util.concurrent.SingleThreadEventExecutor.runAllTasks(SingleThreadEventExecutor.java:470)
21.01.2023 - 20:24:34 - 	at io.netty.channel.nio.NioEventLoop.run(NioEventLoop.java:569)
21.01.2023 - 20:24:34 - 	at io.netty.util.concurrent.SingleThreadEventExecutor$4.run(SingleThreadEventExecutor.java:997)
21.01.2023 - 20:24:34 - 	at io.netty.util.internal.ThreadExecutorMap$2.run(ThreadExecutorMap.java:74)
21.01.2023 - 20:24:34 - 	at java.base/java.lang.Thread.run(Thread.java:833)
21.01.2023 - 20:27:44 - [TAB v3.2.1] An error occurred when reading packets
21.01.2023 - 20:27:44 - java.util.NoSuchElementException: null
21.01.2023 - 20:27:44 - 	at java.base/java.util.concurrent.CopyOnWriteArrayList$COWIterator.next(CopyOnWriteArrayList.java:1099)
21.01.2023 - 20:27:44 - 	at com.google.common.collect.TransformedIterator.next(TransformedIterator.java:52)
21.01.2023 - 20:27:44 - 	at java.base/java.util.Collections$UnmodifiableCollection$1.next(Collections.java:1054)
21.01.2023 - 20:27:44 - 	at TAB v3.2.1.jar//me.neznamy.tab.platforms.bukkit.BukkitPacketBuilder.build(BukkitPacketBuilder.java:102)
21.01.2023 - 20:27:44 - 	at TAB v3.2.1.jar//me.neznamy.tab.shared.FeatureManagerImpl.onPacketPlayOutPlayerInfo(FeatureManagerImpl.java:97)
21.01.2023 - 20:27:44 - 	at TAB v3.2.1.jar//me.neznamy.tab.platforms.bukkit.BukkitPipelineInjector$BukkitChannelDuplexHandler.write(BukkitPipelineInjector.java:72)
21.01.2023 - 20:27:44 - 	at io.netty.channel.AbstractChannelHandlerContext.invokeWrite0(AbstractChannelHandlerContext.java:717)
21.01.2023 - 20:27:44 - 	at io.netty.channel.AbstractChannelHandlerContext.invokeWriteAndFlush(AbstractChannelHandlerContext.java:764)
21.01.2023 - 20:27:44 - 	at io.netty.channel.AbstractChannelHandlerContext.write(AbstractChannelHandlerContext.java:790)
21.01.2023 - 20:27:44 - 	at io.netty.channel.AbstractChannelHandlerContext.writeAndFlush(AbstractChannelHandlerContext.java:758)
21.01.2023 - 20:27:44 - 	at io.netty.channel.DefaultChannelPipeline.writeAndFlush(DefaultChannelPipeline.java:1020)
21.01.2023 - 20:27:44 - 	at io.netty.channel.AbstractChannel.writeAndFlush(AbstractChannel.java:311)
21.01.2023 - 20:27:44 - 	at ProtocolLib (5).jar//com.comphenix.protocol.injector.netty.channel.NettyChannelProxy.writeAndFlush(NettyChannelProxy.java:227)
21.01.2023 - 20:27:44 - 	at ProtocolLib (5).jar//com.comphenix.protocol.injector.netty.channel.NettyChannelProxy.writeAndFlush(NettyChannelProxy.java:233)
21.01.2023 - 20:27:44 - 	at net.minecraft.network.NetworkManager.doSendPacket(NetworkManager.java:459)
21.01.2023 - 20:27:44 - 	at net.minecraft.network.NetworkManager.lambda$sendPacket$11(NetworkManager.java:433)
21.01.2023 - 20:27:44 - 	at ProtocolLib (5).jar//com.comphenix.protocol.injector.netty.channel.NettyEventLoopProxy.lambda$proxyRunnable$2(NettyEventLoopProxy.java:48)
21.01.2023 - 20:27:44 - 	at io.netty.util.concurrent.AbstractEventExecutor.runTask(AbstractEventExecutor.java:174)
21.01.2023 - 20:27:44 - 	at io.netty.util.concurrent.AbstractEventExecutor.safeExecute(AbstractEventExecutor.java:167)
21.01.2023 - 20:27:44 - 	at io.netty.util.concurrent.SingleThreadEventExecutor.runAllTasks(SingleThreadEventExecutor.java:470)
21.01.2023 - 20:27:44 - 	at io.netty.channel.nio.NioEventLoop.run(NioEventLoop.java:569)
21.01.2023 - 20:27:44 - 	at io.netty.util.concurrent.SingleThreadEventExecutor$4.run(SingleThreadEventExecutor.java:997)
21.01.2023 - 20:27:44 - 	at io.netty.util.internal.ThreadExecutorMap$2.run(ThreadExecutorMap.java:74)
21.01.2023 - 20:27:44 - 	at java.base/java.lang.Thread.run(Thread.java:833)
21.01.2023 - 20:28:07 - [TAB v3.2.1] An error occurred when reading packets
21.01.2023 - 20:28:07 - java.util.NoSuchElementException: null
21.01.2023 - 20:28:07 - 	at java.base/java.util.concurrent.CopyOnWriteArrayList$COWIterator.next(CopyOnWriteArrayList.java:1099)
21.01.2023 - 20:28:07 - 	at com.google.common.collect.TransformedIterator.next(TransformedIterator.java:52)
21.01.2023 - 20:28:07 - 	at java.base/java.util.Collections$UnmodifiableCollection$1.next(Collections.java:1054)
21.01.2023 - 20:28:07 - 	at TAB v3.2.1.jar//me.neznamy.tab.platforms.bukkit.BukkitPacketBuilder.build(BukkitPacketBuilder.java:102)
21.01.2023 - 20:28:07 - 	at TAB v3.2.1.jar//me.neznamy.tab.shared.FeatureManagerImpl.onPacketPlayOutPlayerInfo(FeatureManagerImpl.java:97)
21.01.2023 - 20:28:07 - 	at TAB v3.2.1.jar//me.neznamy.tab.platforms.bukkit.BukkitPipelineInjector$BukkitChannelDuplexHandler.write(BukkitPipelineInjector.java:72)
21.01.2023 - 20:28:07 - 	at io.netty.channel.AbstractChannelHandlerContext.invokeWrite0(AbstractChannelHandlerContext.java:717)
21.01.2023 - 20:28:07 - 	at io.netty.channel.AbstractChannelHandlerContext.invokeWriteAndFlush(AbstractChannelHandlerContext.java:764)
21.01.2023 - 20:28:07 - 	at io.netty.channel.AbstractChannelHandlerContext.write(AbstractChannelHandlerContext.java:790)
21.01.2023 - 20:28:07 - 	at io.netty.channel.AbstractChannelHandlerContext.writeAndFlush(AbstractChannelHandlerContext.java:758)
21.01.2023 - 20:28:07 - 	at io.netty.channel.DefaultChannelPipeline.writeAndFlush(DefaultChannelPipeline.java:1020)
21.01.2023 - 20:28:07 - 	at io.netty.channel.AbstractChannel.writeAndFlush(AbstractChannel.java:311)
21.01.2023 - 20:28:07 - 	at ProtocolLib (5).jar//com.comphenix.protocol.injector.netty.channel.NettyChannelProxy.writeAndFlush(NettyChannelProxy.java:227)
21.01.2023 - 20:28:07 - 	at ProtocolLib (5).jar//com.comphenix.protocol.injector.netty.channel.NettyChannelProxy.writeAndFlush(NettyChannelProxy.java:233)
21.01.2023 - 20:28:07 - 	at net.minecraft.network.NetworkManager.doSendPacket(NetworkManager.java:459)
21.01.2023 - 20:28:07 - 	at net.minecraft.network.NetworkManager.lambda$sendPacket$11(NetworkManager.java:433)
21.01.2023 - 20:28:07 - 	at ProtocolLib (5).jar//com.comphenix.protocol.injector.netty.channel.NettyEventLoopProxy.lambda$proxyRunnable$2(NettyEventLoopProxy.java:48)
21.01.2023 - 20:28:07 - 	at io.netty.util.concurrent.AbstractEventExecutor.runTask(AbstractEventExecutor.java:174)
21.01.2023 - 20:28:07 - 	at io.netty.util.concurrent.AbstractEventExecutor.safeExecute(AbstractEventExecutor.java:167)
21.01.2023 - 20:28:07 - 	at io.netty.util.concurrent.SingleThreadEventExecutor.runAllTasks(SingleThreadEventExecutor.java:470)
21.01.2023 - 20:28:07 - 	at io.netty.channel.nio.NioEventLoop.run(NioEventLoop.java:569)
21.01.2023 - 20:28:07 - 	at io.netty.util.concurrent.SingleThreadEventExecutor$4.run(SingleThreadEventExecutor.java:997)
21.01.2023 - 20:28:07 - 	at io.netty.util.internal.ThreadExecutorMap$2.run(ThreadExecutorMap.java:74)
21.01.2023 - 20:28:07 - 	at java.base/java.lang.Thread.run(Thread.java:833)
21.01.2023 - 20:29:43 - [TAB v3.2.1] An error occurred when reading packets
21.01.2023 - 20:29:43 - java.util.NoSuchElementException: null
21.01.2023 - 20:29:43 - 	at java.base/java.util.concurrent.CopyOnWriteArrayList$COWIterator.next(CopyOnWriteArrayList.java:1099)
21.01.2023 - 20:29:43 - 	at com.google.common.collect.TransformedIterator.next(TransformedIterator.java:52)
21.01.2023 - 20:29:43 - 	at java.base/java.util.Collections$UnmodifiableCollection$1.next(Collections.java:1054)
21.01.2023 - 20:29:43 - 	at TAB v3.2.1.jar//me.neznamy.tab.platforms.bukkit.BukkitPacketBuilder.build(BukkitPacketBuilder.java:102)
21.01.2023 - 20:29:43 - 	at TAB v3.2.1.jar//me.neznamy.tab.shared.FeatureManagerImpl.onPacketPlayOutPlayerInfo(FeatureManagerImpl.java:97)
21.01.2023 - 20:29:43 - 	at TAB v3.2.1.jar//me.neznamy.tab.platforms.bukkit.BukkitPipelineInjector$BukkitChannelDuplexHandler.write(BukkitPipelineInjector.java:72)
21.01.2023 - 20:29:43 - 	at io.netty.channel.AbstractChannelHandlerContext.invokeWrite0(AbstractChannelHandlerContext.java:717)
21.01.2023 - 20:29:43 - 	at io.netty.channel.AbstractChannelHandlerContext.invokeWriteAndFlush(AbstractChannelHandlerContext.java:764)
21.01.2023 - 20:29:43 - 	at io.netty.channel.AbstractChannelHandlerContext.write(AbstractChannelHandlerContext.java:790)
21.01.2023 - 20:29:43 - 	at io.netty.channel.AbstractChannelHandlerContext.writeAndFlush(AbstractChannelHandlerContext.java:758)
21.01.2023 - 20:29:43 - 	at io.netty.channel.DefaultChannelPipeline.writeAndFlush(DefaultChannelPipeline.java:1020)
21.01.2023 - 20:29:43 - 	at io.netty.channel.AbstractChannel.writeAndFlush(AbstractChannel.java:311)
21.01.2023 - 20:29:43 - 	at ProtocolLib (5).jar//com.comphenix.protocol.injector.netty.channel.NettyChannelProxy.writeAndFlush(NettyChannelProxy.java:227)
21.01.2023 - 20:29:43 - 	at ProtocolLib (5).jar//com.comphenix.protocol.injector.netty.channel.NettyChannelProxy.writeAndFlush(NettyChannelProxy.java:233)
21.01.2023 - 20:29:43 - 	at net.minecraft.network.NetworkManager.doSendPacket(NetworkManager.java:459)
21.01.2023 - 20:29:43 - 	at net.minecraft.network.NetworkManager.lambda$sendPacket$11(NetworkManager.java:433)
21.01.2023 - 20:29:43 - 	at ProtocolLib (5).jar//com.comphenix.protocol.injector.netty.channel.NettyEventLoopProxy.lambda$proxyRunnable$2(NettyEventLoopProxy.java:48)
21.01.2023 - 20:29:43 - 	at io.netty.util.concurrent.AbstractEventExecutor.runTask(AbstractEventExecutor.java:174)
21.01.2023 - 20:29:43 - 	at io.netty.util.concurrent.AbstractEventExecutor.safeExecute(AbstractEventExecutor.java:167)
21.01.2023 - 20:29:43 - 	at io.netty.util.concurrent.SingleThreadEventExecutor.runAllTasks(SingleThreadEventExecutor.java:470)
21.01.2023 - 20:29:43 - 	at io.netty.channel.nio.NioEventLoop.run(NioEventLoop.java:569)
21.01.2023 - 20:29:43 - 	at io.netty.util.concurrent.SingleThreadEventExecutor$4.run(SingleThreadEventExecutor.java:997)
21.01.2023 - 20:29:43 - 	at io.netty.util.internal.ThreadExecutorMap$2.run(ThreadExecutorMap.java:74)
21.01.2023 - 20:29:43 - 	at java.base/java.lang.Thread.run(Thread.java:833)
