[20:52:41] [ServerMain/INFO]: Building unoptimized datafixer
[20:52:42] [ServerMain/INFO]: Environment: authHost='https://authserver.mojang.com', accountsHost='https://api.mojang.com', sessionHost='https://sessionserver.mojang.com', servicesHost='https://api.minecraftservices.com', name='PROD'
[20:52:44] [ServerMain/INFO]: Loaded 7 recipes
[20:52:45] [Server thread/INFO]: Starting minecraft server version 1.19.3
[20:52:45] [Server thread/INFO]: Loading properties
[20:52:45] [Server thread/INFO]: This server is running Paper version git-Paper-350 (MC: 1.19.3) (Implementing API version 1.19.3-R0.1-SNAPSHOT) (Git: 048ee58)
[20:52:45] [Server thread/INFO]: Server Ping Player Sample Count: 12
[20:52:45] [Server thread/INFO]: Using 4 threads for Netty based IO
[20:52:45] [Server thread/INFO]: [ChunkTaskScheduler] Chunk system is using 1 I/O threads, 1 worker threads, and gen parallelism of 1 threads
[20:52:45] [Server thread/INFO]: Default game type: SURVIVAL
[20:52:45] [Server thread/INFO]: Generating keypair
[20:52:45] [Server thread/INFO]: Starting Minecraft server on *:25565
[20:52:45] [Server thread/INFO]: Using default channel type
[20:52:45] [Server thread/INFO]: Paper: Using Java compression from Velocity.
[20:52:45] [Server thread/INFO]: Paper: Using Java cipher from Velocity.
[20:52:47] [Server thread/INFO]: [FastAsyncWorldEdit] Loading FastAsyncWorldEdit v2.5.1-SNAPSHOT-332;f8acaf5
[20:52:47] [Server thread/INFO]: Got request to register class com.sk89q.worldedit.bukkit.BukkitServerInterface with WorldEdit [com.sk89q.worldedit.extension.platform.PlatformManager@65d6beef]
[20:52:47] [Server thread/INFO]: [PlaceholderAPI] Loading PlaceholderAPI v2.11.2
[20:52:47] [Server thread/INFO]: [WebConsole] Loading WebConsole v2.4
[20:52:47] [Server thread/INFO]: [ViaVersion] Loading ViaVersion v4.5.1
[20:52:47] [Server thread/INFO]: [ViaVersion] ViaVersion 4.5.1 is now loaded, injecting!
[20:52:48] [Via-Mappingloader-0/INFO]: [ViaVersion] Loading 1.12 -> 1.13 mappings...
[20:52:48] [Via-Mappingloader-1/INFO]: [ViaVersion] Loading 1.13 -> 1.13.2 mappings...
[20:52:48] [Via-Mappingloader-2/INFO]: [ViaVersion] Loading 1.13.2 -> 1.14 mappings...
[20:52:48] [Via-Mappingloader-3/INFO]: [ViaVersion] Loading 1.14 -> 1.15 mappings...
[20:52:48] [Via-Mappingloader-0/INFO]: [ViaVersion] Loading block connection mappings ...
[20:52:48] [Via-Mappingloader-2/INFO]: [ViaVersion] Loading 1.16 -> 1.16.2 mappings...
[20:52:48] [Via-Mappingloader-3/INFO]: [ViaVersion] Loading 1.16.2 -> 1.17 mappings...
[20:52:48] [Via-Mappingloader-1/INFO]: [ViaVersion] Loading 1.17 -> 1.18 mappings...
[20:52:48] [Via-Mappingloader-4/INFO]: [ViaVersion] Loading 1.15 -> 1.16 mappings...
[20:52:48] [Via-Mappingloader-5/INFO]: [ViaVersion] Loading 1.18 -> 1.19 mappings...
[20:52:48] [Via-Mappingloader-3/INFO]: [ViaVersion] Loading 1.19 -> 1.19.3 mappings...
[20:52:48] [Server thread/INFO]: [CorrectFallDamage] Loading CorrectFallDamage v1.0
[20:52:48] [Server thread/INFO]: [ViaBackwards] Loading ViaBackwards v4.5.1
[20:52:48] [Server thread/INFO]: [ViaBackwards] Loading translations...
[20:52:48] [Via-Mappingloader-5/INFO]: [ViaBackwards] Loading 1.10 -> 1.9.4 mappings...
[20:52:48] [Via-Mappingloader-5/INFO]: [ViaBackwards] Loading 1.11 -> 1.10 mappings...
[20:52:48] [Via-Mappingloader-3/INFO]: [ViaBackwards] Loading 1.12 -> 1.11 mappings...
[20:52:48] [Via-Mappingloader-3/INFO]: [ViaBackwards] Loading 1.13 -> 1.12 mappings...
[20:52:48] [Via-Mappingloader-5/INFO]: [ViaBackwards] Loading 1.13.2 -> 1.13 mappings...
[20:52:48] [Via-Mappingloader-5/INFO]: [ViaBackwards] Loading 1.14 -> 1.13.2 mappings...
[20:52:48] [Via-Mappingloader-1/INFO]: [ViaBackwards] Loading 1.15 -> 1.14 mappings...
[20:52:48] [Via-Mappingloader-0/INFO]: [ViaBackwards] Loading 1.16 -> 1.15 mappings...
[20:52:48] [Via-Mappingloader-3/INFO]: [ViaBackwards] Loading 1.16.2 -> 1.16 mappings...
[20:52:48] [Via-Mappingloader-0/INFO]: [ViaBackwards] Loading 1.17 -> 1.16.2 mappings...
[20:52:48] [Via-Mappingloader-0/INFO]: [ViaBackwards] Loading 1.18 -> 1.17 mappings...
[20:52:48] [Via-Mappingloader-0/INFO]: [ViaBackwards] Loading 1.19 -> 1.18 mappings...
[20:52:48] [Via-Mappingloader-0/INFO]: [ViaBackwards] Loading 1.19.3 -> 1.19 mappings...
[20:52:48] [Server thread/INFO]: [ProtocolLib] Loading ProtocolLib v5.0.0-SNAPSHOT-b608
[20:52:49] [Server thread/INFO]: [LuckPerms] Loading LuckPerms v5.4.55
[20:52:49] [Server thread/INFO]: [Essentials] Loading Essentials v2.20.0-dev+20-582a357
[20:52:49] [Server thread/INFO]: [EssentialsChat] Loading EssentialsChat v2.20.0-dev+20-582a357
[20:52:49] [Server thread/INFO]: [TAB] Loading TAB v3.2.1
[20:52:49] [Server thread/INFO]: [HoloMobHealth] Loading HoloMobHealth v2.3.2.0
[20:52:49] [Server thread/INFO]: [EssentialsSpawn] Loading EssentialsSpawn v2.20.0-dev+20-582a357
[20:52:49] [Server thread/INFO]: [Magic] Loading Magic v10.8.6-SNAPSHOT-394e5e7
[20:52:50] [Server thread/INFO]: [Magic] Loading modern compatibility layer for server version 1.19.3
[20:52:50] [Server thread/INFO]: [Magic] Async chunk loading API found
[20:52:50] [Server thread/INFO]: [Magic] Chat component API found
[20:52:50] [Server thread/INFO]: Server permissions file permissions.yml is empty, ignoring it
[20:52:50] [Server thread/INFO]: [FastAsyncWorldEdit] Enabling FastAsyncWorldEdit v2.5.1-SNAPSHOT-332;f8acaf5
[20:52:50] [Server thread/INFO]: [com.fastasyncworldedit.core.Fawe] LZ4 Compression Binding loaded successfully
[20:52:50] [Server thread/INFO]: [com.fastasyncworldedit.core.Fawe] ZSTD Compression Binding loaded successfully
[20:52:50] [Server thread/INFO]: Registering commands with com.sk89q.worldedit.bukkit.BukkitServerInterface
[20:52:50] [Server thread/INFO]: WEPIF: Using the Bukkit Permissions API.
[20:52:50] [Server thread/INFO]: Using com.sk89q.worldedit.bukkit.adapter.impl.fawe.v1_19_R2.PaperweightFaweAdapter as the Bukkit adapter
[20:52:52] [Server thread/WARN]: [com.fastasyncworldedit.core.util.UpdateNotification] An update for FastAsyncWorldEdit is available. You are 4 build(s) out of date.
You are running build 332, the latest version is build 336.
Update at https://www.spigotmc.org/resources/13932/
[20:52:52] [Server thread/INFO]: [ProtocolLib] Enabling ProtocolLib v5.0.0-SNAPSHOT-b608
[20:52:52] [Server thread/INFO]: [LuckPerms] Enabling LuckPerms v5.4.55
[20:52:52] [Server thread/INFO]:         __    
[20:52:52] [Server thread/INFO]:   |    |__)   LuckPerms v5.4.55
[20:52:52] [Server thread/INFO]:   |___ |      Running on Bukkit - Paper
[20:52:52] [Server thread/INFO]: 
[20:52:52] [Server thread/INFO]: [LuckPerms] Loading configuration...
[20:52:52] [Server thread/INFO]: [LuckPerms] Loading storage provider... [H2]
[20:52:53] [Server thread/INFO]: [LuckPerms] Loading internal permission managers...
[20:52:53] [Server thread/INFO]: [LuckPerms] Performing initial data load...
[20:52:53] [Server thread/INFO]: [LuckPerms] Successfully enabled. (took 1218ms)
[20:52:53] [Server thread/INFO]: [Magic] Enabling Magic v10.8.6-SNAPSHOT-394e5e7
[20:52:53] [Server thread/INFO]: [Magic] EffectLib initialized
[20:52:54] [Server thread/WARN]: [org.bukkit.craftbukkit.v1_19_R2.legacy.CraftLegacy] Initializing Legacy Material Support. Unless you have legacy plugins and/or data this is a bug!
[20:52:57] [Server thread/INFO]: [Magic] Loaded 26 attributes
[20:52:58] [Server thread/INFO]: Magic checking resource pack for updates: http://rp.elmakers.com/Magic-RP-1.19.zip
[20:52:58] [Server thread/INFO]: Preparing level "world"
[20:52:58] [Server thread/INFO]: -------- World Settings For [world] --------
[20:52:58] [Server thread/INFO]: View Distance: 10
[20:52:58] [Server thread/INFO]: Simulation Distance: 10
[20:52:58] [Server thread/INFO]: Item Merge Radius: 6.0
[20:52:58] [Server thread/INFO]: Item Despawn Rate: 4000
[20:52:58] [Server thread/INFO]: Allow Zombie Pigmen to spawn from portal blocks: true
[20:52:58] [Server thread/INFO]: Nerfing mobs spawned from spawners: false
[20:52:58] [Server thread/INFO]: Zombie Aggressive Towards Villager: true
[20:52:58] [Server thread/INFO]: Arrow Despawn Rate: 1200 Trident Respawn Rate:1200
[20:52:58] [Server thread/INFO]: Mob Spawn Range: 6
[20:52:58] [Server thread/INFO]: Experience Merge Radius: 4.0
[20:52:58] [Server thread/INFO]: Cactus Growth Modifier: 100%
[20:52:58] [Server thread/INFO]: Cane Growth Modifier: 100%
[20:52:58] [Server thread/INFO]: Melon Growth Modifier: 100%
[20:52:58] [Server thread/INFO]: Mushroom Growth Modifier: 100%
[20:52:58] [Server thread/INFO]: Pumpkin Growth Modifier: 100%
[20:52:58] [Server thread/INFO]: Sapling Growth Modifier: 100%
[20:52:58] [Server thread/INFO]: Beetroot Growth Modifier: 100%
[20:52:58] [Server thread/INFO]: Carrot Growth Modifier: 100%
[20:52:58] [Server thread/INFO]: Potato Growth Modifier: 100%
[20:52:58] [Server thread/INFO]: Wheat Growth Modifier: 100%
[20:52:58] [Server thread/INFO]: NetherWart Growth Modifier: 100%
[20:52:58] [Server thread/INFO]: Vine Growth Modifier: 100%
[20:52:58] [Server thread/INFO]: Cocoa Growth Modifier: 100%
[20:52:58] [Server thread/INFO]: Bamboo Growth Modifier: 100%
[20:52:58] [Server thread/INFO]: SweetBerry Growth Modifier: 100%
[20:52:58] [Server thread/INFO]: Kelp Growth Modifier: 100%
[20:52:58] [Server thread/INFO]: TwistingVines Growth Modifier: 100%
[20:52:58] [Server thread/INFO]: WeepingVines Growth Modifier: 100%
[20:52:58] [Server thread/INFO]: CaveVines Growth Modifier: 100%
[20:52:58] [Server thread/INFO]: GlowBerry Growth Modifier: 100%
[20:52:58] [Server thread/INFO]: Entity Activation Range: An 16 / Mo 28 / Ra 48 / Mi 8 / Tiv false / Isa false
[20:52:58] [Server thread/INFO]: Entity Tracking Range: Pl 48 / An 48 / Mo 48 / Mi 32 / Other 64
[20:52:58] [Server thread/INFO]: Hopper Transfer: 8 Hopper Check: 1 Hopper Amount: 1 Hopper Can Load Chunks: false
[20:52:58] [Server thread/INFO]: Max TNT Explosions: 100
[20:52:58] [Server thread/INFO]: Custom Map Seeds:  Village: 10387312 Desert: 14357617 Igloo: 14357618 Jungle: 14357619 Swamp: 14357620 Monument: 10387313 Ocean: 14357621 Shipwreck: 165745295 End City: 10387313 Slime: 987234911 Nether: 30084232 Mansion: 10387319 Fossil: 14357921 Portal: 34222645
[20:52:58] [Server thread/INFO]: Tile Max Tick Time: 1000ms Entity max Tick Time: 1000ms
[20:52:58] [Server thread/INFO]: -------- World Settings For [world_nether] --------
[20:52:58] [Server thread/INFO]: View Distance: 10
[20:52:58] [Server thread/INFO]: Simulation Distance: 10
[20:52:58] [Server thread/INFO]: Item Merge Radius: 6.0
[20:52:58] [Server thread/INFO]: Item Despawn Rate: 4000
[20:52:58] [Server thread/INFO]: Allow Zombie Pigmen to spawn from portal blocks: true
[20:52:58] [Server thread/INFO]: Nerfing mobs spawned from spawners: false
[20:52:58] [Server thread/INFO]: Zombie Aggressive Towards Villager: true
[20:52:58] [Server thread/INFO]: Arrow Despawn Rate: 1200 Trident Respawn Rate:1200
[20:52:58] [Server thread/INFO]: Mob Spawn Range: 6
[20:52:58] [Server thread/INFO]: Experience Merge Radius: 4.0
[20:52:58] [Server thread/INFO]: Cactus Growth Modifier: 100%
[20:52:58] [Server thread/INFO]: Cane Growth Modifier: 100%
[20:52:58] [Server thread/INFO]: Melon Growth Modifier: 100%
[20:52:58] [Server thread/INFO]: Mushroom Growth Modifier: 100%
[20:52:58] [Server thread/INFO]: Pumpkin Growth Modifier: 100%
[20:52:58] [Server thread/INFO]: Sapling Growth Modifier: 100%
[20:52:58] [Server thread/INFO]: Beetroot Growth Modifier: 100%
[20:52:58] [Server thread/INFO]: Carrot Growth Modifier: 100%
[20:52:58] [Server thread/INFO]: Potato Growth Modifier: 100%
[20:52:58] [Server thread/INFO]: Wheat Growth Modifier: 100%
[20:52:58] [Server thread/INFO]: NetherWart Growth Modifier: 100%
[20:52:58] [Server thread/INFO]: Vine Growth Modifier: 100%
[20:52:58] [Server thread/INFO]: Cocoa Growth Modifier: 100%
[20:52:58] [Server thread/INFO]: Bamboo Growth Modifier: 100%
[20:52:58] [Server thread/INFO]: SweetBerry Growth Modifier: 100%
[20:52:58] [Server thread/INFO]: Kelp Growth Modifier: 100%
[20:52:58] [Server thread/INFO]: TwistingVines Growth Modifier: 100%
[20:52:58] [Server thread/INFO]: WeepingVines Growth Modifier: 100%
[20:52:58] [Server thread/INFO]: CaveVines Growth Modifier: 100%
[20:52:58] [Server thread/INFO]: GlowBerry Growth Modifier: 100%
[20:52:58] [Server thread/INFO]: Entity Activation Range: An 16 / Mo 28 / Ra 48 / Mi 8 / Tiv false / Isa false
[20:52:58] [Server thread/INFO]: Entity Tracking Range: Pl 48 / An 48 / Mo 48 / Mi 32 / Other 64
[20:52:58] [Server thread/INFO]: Hopper Transfer: 8 Hopper Check: 1 Hopper Amount: 1 Hopper Can Load Chunks: false
[20:52:58] [Server thread/INFO]: Max TNT Explosions: 100
[20:52:58] [Server thread/INFO]: Custom Map Seeds:  Village: 10387312 Desert: 14357617 Igloo: 14357618 Jungle: 14357619 Swamp: 14357620 Monument: 10387313 Ocean: 14357621 Shipwreck: 165745295 End City: 10387313 Slime: 987234911 Nether: 30084232 Mansion: 10387319 Fossil: 14357921 Portal: 34222645
[20:52:58] [Server thread/INFO]: Tile Max Tick Time: 1000ms Entity max Tick Time: 1000ms
[20:52:59] [Server thread/INFO]: -------- World Settings For [world_the_end] --------
[20:52:59] [Server thread/INFO]: View Distance: 10
[20:52:59] [Server thread/INFO]: Simulation Distance: 10
[20:52:59] [Server thread/INFO]: Item Merge Radius: 6.0
[20:52:59] [Server thread/INFO]: Item Despawn Rate: 4000
[20:52:59] [Server thread/INFO]: Allow Zombie Pigmen to spawn from portal blocks: true
[20:52:59] [Server thread/INFO]: Nerfing mobs spawned from spawners: false
[20:52:59] [Server thread/INFO]: Zombie Aggressive Towards Villager: true
[20:52:59] [Server thread/INFO]: Arrow Despawn Rate: 1200 Trident Respawn Rate:1200
[20:52:59] [Server thread/INFO]: Mob Spawn Range: 6
[20:52:59] [Server thread/INFO]: Experience Merge Radius: 4.0
[20:52:59] [Server thread/INFO]: Cactus Growth Modifier: 100%
[20:52:59] [Server thread/INFO]: Cane Growth Modifier: 100%
[20:52:59] [Server thread/INFO]: Melon Growth Modifier: 100%
[20:52:59] [Server thread/INFO]: Mushroom Growth Modifier: 100%
[20:52:59] [Server thread/INFO]: Pumpkin Growth Modifier: 100%
[20:52:59] [Server thread/INFO]: Sapling Growth Modifier: 100%
[20:52:59] [Server thread/INFO]: Beetroot Growth Modifier: 100%
[20:52:59] [Server thread/INFO]: Carrot Growth Modifier: 100%
[20:52:59] [Server thread/INFO]: Potato Growth Modifier: 100%
[20:52:59] [Server thread/INFO]: Wheat Growth Modifier: 100%
[20:52:59] [Server thread/INFO]: NetherWart Growth Modifier: 100%
[20:52:59] [Server thread/INFO]: Vine Growth Modifier: 100%
[20:52:59] [Server thread/INFO]: Cocoa Growth Modifier: 100%
[20:52:59] [Server thread/INFO]: Bamboo Growth Modifier: 100%
[20:52:59] [Server thread/INFO]: SweetBerry Growth Modifier: 100%
[20:52:59] [Server thread/INFO]: Kelp Growth Modifier: 100%
[20:52:59] [Server thread/INFO]: TwistingVines Growth Modifier: 100%
[20:52:59] [Server thread/INFO]: WeepingVines Growth Modifier: 100%
[20:52:59] [Server thread/INFO]: CaveVines Growth Modifier: 100%
[20:52:59] [Server thread/INFO]: GlowBerry Growth Modifier: 100%
[20:52:59] [Server thread/INFO]: Entity Activation Range: An 16 / Mo 28 / Ra 48 / Mi 8 / Tiv false / Isa false
[20:52:59] [Server thread/INFO]: Entity Tracking Range: Pl 48 / An 48 / Mo 48 / Mi 32 / Other 64
[20:52:59] [Server thread/INFO]: Hopper Transfer: 8 Hopper Check: 1 Hopper Amount: 1 Hopper Can Load Chunks: false
[20:52:59] [Server thread/INFO]: Max TNT Explosions: 100
[20:52:59] [Server thread/INFO]: Custom Map Seeds:  Village: 10387312 Desert: 14357617 Igloo: 14357618 Jungle: 14357619 Swamp: 14357620 Monument: 10387313 Ocean: 14357621 Shipwreck: 165745295 End City: 10387313 Slime: 987234911 Nether: 30084232 Mansion: 10387319 Fossil: 14357921 Portal: 34222645
[20:52:59] [Server thread/INFO]: Tile Max Tick Time: 1000ms Entity max Tick Time: 1000ms
[20:52:59] [Server thread/INFO]: Preparing start region for dimension minecraft:overworld
[20:52:59] [Server thread/INFO]: Time elapsed: 86 ms
[20:52:59] [Server thread/INFO]: Preparing start region for dimension minecraft:the_nether
[20:52:59] [Server thread/INFO]: Time elapsed: 20 ms
[20:52:59] [Server thread/INFO]: Preparing start region for dimension minecraft:the_end
[20:52:59] [Server thread/INFO]: Time elapsed: 15 ms
[20:52:59] [Server thread/INFO]: [PlaceholderAPI] Enabling PlaceholderAPI v2.11.2
[20:52:59] [Server thread/WARN]: [PlaceholderAPI] Loaded class com.viaversion.viaversion.api.type.Type from ViaVersion v4.5.1 which is not a depend or softdepend of this plugin.
[20:52:59] [Server thread/INFO]: [PlaceholderAPI] Fetching available expansion information...
[20:52:59] [Server thread/INFO]: [WebConsole] Enabling WebConsole v2.4
[20:52:59] [Server thread/INFO]: [ViaVersion] Enabling ViaVersion v4.5.1
[20:52:59] [Server thread/INFO]: [CorrectFallDamage] Enabling CorrectFallDamage v1.0
[20:52:59] [Server thread/INFO]: [ViaBackwards] Enabling ViaBackwards v4.5.1
[20:52:59] [Server thread/INFO]: [Essentials] Enabling Essentials v2.20.0-dev+20-582a357
[20:53:00] [WebSocketSelector-76/INFO]: [WebConsole] WebSocket Server started successfully.
[20:53:00] [Server thread/INFO]: [Essentials] Attempting to convert old kits in config.yml to new kits.yml
[20:53:00] [Server thread/INFO]: [Essentials] No kits found to migrate.
[20:53:00] [Server thread/INFO]: [Essentials] Loaded 38132 items from items.json.
[20:53:00] [Server thread/INFO]: [Essentials] Using locale en_CA
[20:53:00] [Server thread/INFO]: [Essentials] ServerListPingEvent: Spigot iterator API
[20:53:00] [Server thread/INFO]: [Essentials] Starting Metrics. Opt-out using the global bStats config.
[20:53:00] [Server thread/WARN]: [Essentials] Detected supported permissions plugin LuckPerms without Vault installed.
[20:53:00] [Server thread/WARN]: [Essentials] Features such as chat prefixes/suffixes and group-related functionality will not work until you install Vault.
[20:53:00] [Server thread/INFO]: [Essentials] Using superperms-based permissions.
[20:53:00] [Server thread/INFO]: [EssentialsChat] Enabling EssentialsChat v2.20.0-dev+20-582a357
[20:53:00] [Server thread/INFO]: [EssentialsChat] Secure signed chat and previews are enabled.
[20:53:00] [Server thread/INFO]: [EssentialsChat] Starting Metrics. Opt-out using the global bStats config.
[20:53:00] [Server thread/INFO]: [TAB] Enabling TAB v3.2.1
[20:53:00] [Server thread/INFO]: [TAB] Server version: 1.19.3 (v1_19_R2)
[20:53:00] [Server thread/INFO]: [TAB] Loaded NMS hook in 46ms
[20:53:01] [Server thread/INFO]: [TAB] Enabled in 597ms
[20:53:01] [Server thread/INFO]: [HoloMobHealth] Enabling HoloMobHealth v2.3.2.0
[20:53:02] [Server thread/INFO]: [HoloMobHealth] Loading languages...
[20:53:02] [Server thread/INFO]: [HoloMobHealth] Hooked into PlaceholderAPI!
[20:53:02] [Server thread/INFO]: [HoloMobHealth] Opened Sqlite database successfully
[20:53:02] [Server thread/INFO]: [PlaceholderAPI] Successfully registered expansion: holomobhealth [1.0.0]
[20:53:02] [Server thread/INFO]: [HoloMobHealth] HoloMobHealth has been Enabled!
[20:53:02] [Server thread/INFO]: [EssentialsSpawn] Enabling EssentialsSpawn v2.20.0-dev+20-582a357
[20:53:02] [Server thread/INFO]: [EssentialsSpawn] Starting Metrics. Opt-out using the global bStats config.
[20:53:02] [Server thread/INFO]: [PlaceholderAPI] Placeholder expansion registration initializing...
[20:53:02] [Server thread/INFO]: Running delayed init tasks
[20:53:03] [Craft Scheduler Thread - 4 - Essentials/INFO]: [Essentials] Fetching version information...
[20:53:04] [Server thread/INFO]: [ViaVersion] ViaVersion detected server version: 1.19.3 (761)
[20:53:05] [Craft Scheduler Thread - 4 - Essentials/WARN]: [Essentials] You're 18 EssentialsX dev build(s) out of date!
[20:53:05] [Craft Scheduler Thread - 4 - Essentials/WARN]: [Essentials] Download it here: https://essentialsx.net/downloads.html
[20:53:05] [Server thread/INFO]: [Magic] Factions not found
[20:53:05] [Server thread/INFO]: [Magic] WorldGuard not found, region protection and pvp checks will not be used.
[20:53:05] [Server thread/INFO]: [Magic] Towny not found, region protection and pvp checks will not be used.
[20:53:05] [Server thread/INFO]: [Magic] Lockette nor LockettePro found, will not integrate.
[20:53:05] [Server thread/INFO]: [Magic] GriefPrevention not found, claim protection will not be used.
[20:53:05] [Server thread/INFO]: [Magic] NoCheatPlus not found, will not integrate.
[20:53:05] [Server thread/INFO]: [PlaceholderAPI] Successfully registered expansion: magic [10.8.6-SNAPSHOT-394e5e7]
[20:53:05] [Server thread/INFO]: Resource pack has not changed, using hash 9h0Z6JLQXT1E6lJ8nlNICapPZJQ= (1670961805000 <= 1670961805000)
[20:53:05] [Server thread/INFO]: [ViaVersion] Finished mapping loading, shutting down loader executor!
[20:53:05] [Server thread/INFO]: [PlaceholderAPI] Successfully registered expansion: ascii [1.0.0]
[20:53:05] [Server thread/INFO]: [PlaceholderAPI] Successfully registered expansion: checkitem [2.6.4]
[20:53:05] [Server thread/INFO]: [PlaceholderAPI] Successfully registered expansion: math [1.4.1]
[20:53:05] [Server thread/INFO]: [PlaceholderAPI] Successfully registered expansion: player [2.0.3]
[20:53:05] [Server thread/WARN]: [PlaceholderAPI] Cannot load expansion playerstats due to a missing plugin: PlayerStats
[20:53:05] [Server thread/INFO]: 4 placeholder hook(s) registered!
[20:53:05] [Server thread/INFO]: Done (20.288s)! For help, type "help"
[20:53:05] [Server thread/INFO]: Timings Reset
[20:53:12] [Craft Scheduler Thread - 5 - HoloMobHealth/INFO]: [HoloMobHealth] Loaded all 1 languages!
[21:12:06] [User Authenticator #0/INFO]: UUID of player IonTech is e14876ba-5a6f-45b9-a01a-b8a30a2961aa
[21:12:06] [Server thread/INFO]: IonTech joined the game
[21:12:07] [Server thread/INFO]: IonTech[/127.0.0.1:53088] logged in with entity id 61 at ([world]121.59343568588122, 65.0, 132.94745569143203)
[21:12:29] [Server thread/INFO]: IonTech issued server command: /meditor icon absorb
[21:12:37] [Server thread/INFO]: IonTech issued server command: /meditor icon admission
[21:13:26] [Server thread/INFO]: IonTech issued server command: //mconfig load kr08mom7
[21:14:49] [Server thread/INFO]: IonTech issued server command: /meditor config
[21:15:12] [Server thread/INFO]: IonTech issued server command: //mconfig load rym1sfup
[21:15:21] [Server thread/INFO]: IonTech issued server command: /getrp
[21:15:26] [Server thread/INFO]: IonTech issued server command: /magic reload
[21:17:28] [Server thread/INFO]: IonTech issued server command: //mconfig load rym1sfup
[21:17:41] [Server thread/INFO]: IonTech issued server command: /getrp
[21:18:04] [Server thread/INFO]: IonTech issued server command: /mgive basic_wand
[21:18:28] [Server thread/INFO]: IonTech issued server command: /getrp
[21:18:34] [Server thread/INFO]: IonTech lost connection: Disconnected
[21:18:34] [Server thread/INFO]: IonTech left the game
[21:18:41] [User Authenticator #1/INFO]: UUID of player IonTech is e14876ba-5a6f-45b9-a01a-b8a30a2961aa
[21:18:42] [Server thread/INFO]: IonTech joined the game
[21:18:42] [Server thread/INFO]: IonTech[/127.0.0.1:53326] logged in with entity id 378 at ([world]170.504346094099, 63.0, 225.0297032989001)
[21:18:47] [Server thread/INFO]: IonTech issued server command: /mage reset
[21:26:30] [Server thread/INFO]: IonTech issued server command: /meditor spell manashot
[21:26:45] [Server thread/INFO]: IonTech issued server command: /
[21:26:46] [Server thread/INFO]: IonTech issued server command: //mconfig load ejml5y18
[21:33:54] [Server thread/INFO]: IonTech issued server command: //mconfig load kr08mom7
[21:36:16] [Server thread/INFO]: IonTech issued server command: //mconfig load rym1sfup
[21:36:21] [Server thread/INFO]: IonTech lost connection: Disconnected
[21:36:22] [Server thread/INFO]: IonTech left the game
[21:36:28] [User Authenticator #2/INFO]: UUID of player IonTech is e14876ba-5a6f-45b9-a01a-b8a30a2961aa
[21:36:28] [Server thread/INFO]: IonTech joined the game
[21:36:28] [Server thread/INFO]: IonTech[/127.0.0.1:53651] logged in with entity id 894 at ([world]169.1389533522378, 63.0, 211.69476011281256)
[21:43:19] [Server thread/INFO]: IonTech was slain by Zombie
[21:57:25] [Server thread/INFO]: IonTech issued server command: /mgive admission
[21:57:36] [Server thread/INFO]: IonTech issued server command: /wand add critical
[21:59:25] [Server thread/INFO]: IonTech was blown up by Creeper
[21:59:47] [Server thread/INFO]: IonTech issued server command: //mconfig load rym1sfup
[21:59:51] [Server thread/INFO]: IonTech lost connection: Disconnected
[21:59:51] [Server thread/INFO]: IonTech left the game
[21:59:59] [User Authenticator #3/INFO]: UUID of player IonTech is e14876ba-5a6f-45b9-a01a-b8a30a2961aa
[21:59:59] [Server thread/INFO]: IonTech joined the game
[21:59:59] [Server thread/INFO]: IonTech[/127.0.0.1:53901] logged in with entity id 1208 at ([world]10.77700526739437, 69.0, 91.61453074266888)
[22:00:08] [Server thread/INFO]: IonTech issued server command: /mgive globe_banner_pattern{1}
[22:00:10] [Server thread/INFO]: IonTech issued server command: /mgive globe_banner_pattern{2}
[22:01:02] [Server thread/INFO]: IonTech issued server command: /mgive globe_banner_pattern{18002}
[22:06:24] [Server thread/INFO]: IonTech issued server command: //mconfig load rym1sfup
[22:06:42] [Server thread/INFO]: IonTech lost connection: Disconnected
[22:06:43] [Server thread/INFO]: IonTech left the game
[22:06:48] [User Authenticator #4/INFO]: UUID of player IonTech is e14876ba-5a6f-45b9-a01a-b8a30a2961aa
[22:06:48] [Server thread/INFO]: IonTech joined the game
[22:06:49] [Server thread/INFO]: IonTech[/127.0.0.1:54039] logged in with entity id 1388 at ([world]35.34883928025857, 71.0, 64.83275418416075)
[22:07:30] [Server thread/INFO]: IonTech lost connection: Disconnected
[22:07:30] [Server thread/INFO]: IonTech left the game
[22:08:29] [Server thread/INFO]: Stopping the server
[22:08:29] [Server thread/INFO]: Stopping server
[22:08:29] [Server thread/INFO]: [Magic] Disabling Magic v10.8.6-SNAPSHOT-394e5e7
[22:08:29] [Server thread/INFO]: [PlaceholderAPI] Unregistered placeholder expansion magic
[22:08:29] [Server thread/INFO]: [PlaceholderAPI] Reason: required plugin Magic was disabled.
[22:08:29] [Server thread/INFO]: [EssentialsSpawn] Disabling EssentialsSpawn v2.20.0-dev+20-582a357
[22:08:29] [Server thread/INFO]: [HoloMobHealth] Disabling HoloMobHealth v2.3.2.0
[22:08:29] [Server thread/INFO]: [PlaceholderAPI] Unregistered placeholder expansion holomobhealth
[22:08:29] [Server thread/INFO]: [PlaceholderAPI] Reason: required plugin HoloMobHealth was disabled.
[22:08:29] [Server thread/INFO]: [HoloMobHealth] HoloMobHealth has been Disabled!
[22:08:29] [Server thread/INFO]: [TAB] Disabling TAB v3.2.1
[22:08:29] [Server thread/INFO]: [TAB] Disabled in 2ms
[22:08:29] [Server thread/INFO]: [EssentialsChat] Disabling EssentialsChat v2.20.0-dev+20-582a357
[22:08:29] [Server thread/INFO]: [Essentials] Disabling Essentials v2.20.0-dev+20-582a357
[22:08:29] [Server thread/INFO]: [LuckPerms] Disabling LuckPerms v5.4.55
[22:08:29] [Server thread/INFO]: [LuckPerms] Starting shutdown process...
[22:08:29] [Server thread/INFO]: [LuckPerms] Closing storage...
[22:08:29] [Server thread/INFO]: [LuckPerms] Goodbye!
[22:08:29] [Server thread/INFO]: [ProtocolLib] Disabling ProtocolLib v5.0.0-SNAPSHOT-b608
[22:08:29] [Server thread/INFO]: [ViaBackwards] Disabling ViaBackwards v4.5.1
[22:08:29] [Server thread/INFO]: [CorrectFallDamage] Disabling CorrectFallDamage v1.0
[22:08:29] [Server thread/INFO]: [ViaVersion] Disabling ViaVersion v4.5.1
[22:08:29] [Server thread/INFO]: [ViaVersion] ViaVersion is disabling, if this is a reload and you experience issues consider rebooting.
[22:08:29] [Server thread/INFO]: [WebConsole] Disabling WebConsole v2.4
[22:08:29] [Server thread/INFO]: [PlaceholderAPI] Disabling PlaceholderAPI v2.11.2
[22:08:29] [Server thread/INFO]: [FastAsyncWorldEdit] Disabling FastAsyncWorldEdit v2.5.1-SNAPSHOT-332;f8acaf5
[22:08:29] [Server thread/INFO]: Unregistering com.sk89q.worldedit.bukkit.BukkitServerInterface from WorldEdit
[22:08:29] [Server thread/INFO]: Saving players
[22:08:29] [Server thread/INFO]: Saving worlds
[22:08:29] [Server thread/INFO]: Saving chunks for level 'ServerLevel[world]'/minecraft:overworld
[22:08:29] [Server thread/INFO]: [ChunkHolderManager] Waiting 60s for chunk system to halt for world 'world'
[22:08:29] [Server thread/INFO]: [ChunkHolderManager] Halted chunk system for world 'world'
[22:08:29] [Server thread/INFO]: [ChunkHolderManager] Saving all chunkholders for world 'world'
[22:08:29] [Server thread/INFO]: [ChunkHolderManager] Saved 13 block chunks, 81 entity chunks, 0 poi chunks in world 'world' in 0.03s
[22:08:29] [Server thread/INFO]: ThreadedAnvilChunkStorage (world): All chunks are saved
[22:08:29] [Server thread/INFO]: Saving chunks for level 'ServerLevel[world_nether]'/minecraft:the_nether
[22:08:29] [Server thread/INFO]: [ChunkHolderManager] Waiting 60s for chunk system to halt for world 'world_nether'
[22:08:29] [Server thread/INFO]: [ChunkHolderManager] Halted chunk system for world 'world_nether'
[22:08:29] [Server thread/INFO]: [ChunkHolderManager] Saving all chunkholders for world 'world_nether'
[22:08:29] [Server thread/INFO]: [ChunkHolderManager] Saved 0 block chunks, 5 entity chunks, 0 poi chunks in world 'world_nether' in 0.00s
[22:08:29] [Server thread/INFO]: ThreadedAnvilChunkStorage (DIM-1): All chunks are saved
[22:08:29] [Server thread/INFO]: Saving chunks for level 'ServerLevel[world_the_end]'/minecraft:the_end
[22:08:29] [Server thread/INFO]: [ChunkHolderManager] Waiting 60s for chunk system to halt for world 'world_the_end'
[22:08:29] [Server thread/INFO]: [ChunkHolderManager] Halted chunk system for world 'world_the_end'
[22:08:29] [Server thread/INFO]: [ChunkHolderManager] Saving all chunkholders for world 'world_the_end'
[22:08:29] [Server thread/INFO]: [ChunkHolderManager] Saved 10 block chunks, 0 entity chunks, 0 poi chunks in world 'world_the_end' in 0.01s
[22:08:29] [Server thread/INFO]: ThreadedAnvilChunkStorage (DIM1): All chunks are saved
[22:08:29] [Server thread/INFO]: ThreadedAnvilChunkStorage: All dimensions are saved
[22:08:29] [Server thread/INFO]: Saving usercache.json
[22:08:29] [Server thread/INFO]: Flushing Chunk IO
[22:08:29] [Server thread/INFO]: Closing Thread Pool
[22:08:29] [Server thread/INFO]: Closing Server
